<?xml version="1.0" encoding="UTF-8"?>
<testsuite xmlns:xsi="http://www.w3.org/2001/XMLSchema-instance" xsi:noNamespaceSchemaLocation="https://maven.apache.org/surefire/maven-surefire-plugin/xsd/surefire-test-report.xsd" name="com.advantageonlineshopping.CucumberTest" time="5.471" tests="12" errors="6" skipped="6" failures="0">
  <properties>
[...]
</properties>
  <testcase name="Given estou na página inicial" classname="Scenario: Cadastro de usuário com sucesso" time="0.016">
    <error type="java.lang.NullPointerException">java.lang.NullPointerException
</error>
    <system-out><![CDATA[Feature: Cadastro de usuários
  Validação dos fluxos de cadastro de usuário
22:10:29.374 [main] DEBUG org.springframework.test.context.BootstrapUtils - Instantiating CacheAwareContextLoaderDelegate from class [org.springframework.test.context.cache.DefaultCacheAwareContextLoaderDelegate]
22:10:29.404 [main] DEBUG org.springframework.test.context.BootstrapUtils - Instantiating BootstrapContext using constructor [public org.springframework.test.context.support.DefaultBootstrapContext(java.lang.Class,org.springframework.test.context.CacheAwareContextLoaderDelegate)]
22:10:29.440 [main] DEBUG org.springframework.test.context.BootstrapUtils - Instantiating TestContextBootstrapper for test class [com.advantageonlineshopping.steps.CucumberStepDefs] from class [org.springframework.boot.test.context.SpringBootTestContextBootstrapper]
22:10:29.466 [main] DEBUG org.springframework.test.context.support.AbstractContextLoader - Did not detect default resource location for test class [com.advantageonlineshopping.steps.CucumberStepDefs]: class path resource [com/advantageonlineshopping/steps/CucumberStepDefs-context.xml] does not exist
22:10:29.467 [main] DEBUG org.springframework.test.context.support.AbstractContextLoader - Did not detect default resource location for test class [com.advantageonlineshopping.steps.CucumberStepDefs]: class path resource [com/advantageonlineshopping/steps/CucumberStepDefsContext.groovy] does not exist
22:10:29.468 [main] INFO org.springframework.test.context.support.AbstractContextLoader - Could not detect default resource locations for test class [com.advantageonlineshopping.steps.CucumberStepDefs]: no resource found for suffixes {-context.xml, Context.groovy}.
22:10:29.550 [main] DEBUG org.springframework.test.context.support.ActiveProfilesUtils - Could not find an 'annotation declaring class' for annotation type [org.springframework.test.context.ActiveProfiles] and class [com.advantageonlineshopping.steps.CucumberStepDefs]
22:10:29.761 [main] DEBUG org.springframework.boot.test.context.SpringBootTestContextBootstrapper - @TestExecutionListeners is not present for class [com.advantageonlineshopping.steps.CucumberStepDefs]: using defaults.
22:10:29.762 [main] INFO org.springframework.boot.test.context.SpringBootTestContextBootstrapper - Loaded default TestExecutionListener class names from location [META-INF/spring.factories]: [org.springframework.boot.test.mock.mockito.MockitoTestExecutionListener, org.springframework.boot.test.mock.mockito.ResetMocksTestExecutionListener, org.springframework.boot.test.autoconfigure.restdocs.RestDocsTestExecutionListener, org.springframework.boot.test.autoconfigure.web.client.MockRestServiceServerResetTestExecutionListener, org.springframework.boot.test.autoconfigure.web.servlet.MockMvcPrintOnlyOnFailureTestExecutionListener, org.springframework.boot.test.autoconfigure.web.servlet.WebDriverTestExecutionListener, org.springframework.test.context.web.ServletTestExecutionListener, org.springframework.test.context.support.DirtiesContextBeforeModesTestExecutionListener, org.springframework.test.context.support.DependencyInjectionTestExecutionListener, org.springframework.test.context.support.DirtiesContextTestExecutionListener, org.springframework.test.context.transaction.TransactionalTestExecutionListener, org.springframework.test.context.jdbc.SqlScriptsTestExecutionListener]
22:10:29.785 [main] DEBUG org.springframework.boot.test.context.SpringBootTestContextBootstrapper - Skipping candidate TestExecutionListener [org.springframework.test.context.transaction.TransactionalTestExecutionListener] due to a missing dependency. Specify custom listener classes or make the default listener classes and their required dependencies available. Offending class: [org/springframework/transaction/interceptor/TransactionAttributeSource]
22:10:29.789 [main] DEBUG org.springframework.boot.test.context.SpringBootTestContextBootstrapper - Skipping candidate TestExecutionListener [org.springframework.test.context.jdbc.SqlScriptsTestExecutionListener] due to a missing dependency. Specify custom listener classes or make the default listener classes and their required dependencies available. Offending class: [org/springframework/transaction/interceptor/TransactionAttribute]
22:10:29.792 [main] INFO org.springframework.boot.test.context.SpringBootTestContextBootstrapper - Using TestExecutionListeners: [org.springframework.test.context.web.ServletTestExecutionListener@40f33492, org.springframework.test.context.support.DirtiesContextBeforeModesTestExecutionListener@4fbdc0f0, org.springframework.boot.test.mock.mockito.MockitoTestExecutionListener@2ad3a1bb, org.springframework.boot.test.autoconfigure.SpringBootDependencyInjectionTestExecutionListener@6bc28a83, org.springframework.test.context.support.DirtiesContextTestExecutionListener@324c64cd, org.springframework.boot.test.mock.mockito.ResetMocksTestExecutionListener@13579834, org.springframework.boot.test.autoconfigure.restdocs.RestDocsTestExecutionListener@24be2d9c, org.springframework.boot.test.autoconfigure.web.client.MockRestServiceServerResetTestExecutionListener@5bd73d1a, org.springframework.boot.test.autoconfigure.web.servlet.MockMvcPrintOnlyOnFailureTestExecutionListener@aec50a1, org.springframework.boot.test.autoconfigure.web.servlet.WebDriverTestExecutionListener@2555fff0]
22:10:29.853 [main] DEBUG org.springframework.test.context.support.TestPropertySourceUtils - Adding inlined properties to environment: {spring.jmx.enabled=false, org.springframework.boot.test.context.SpringBootTestContextBootstrapper=true, server.port=-1}

  .   ____          _            __ _ _
 /\\ / ___'_ __ _ _(_)_ __  __ _ \ \ \ \
( ( )\___ | '_ | '_| | '_ \/ _` | \ \ \ \
 \\/  ___)| |_)| | | | | || (_| |  ) ) ) )
  '  |____| .__|_| |_|_| |_\__, | / / / /
 =========|_|==============|___/=/_/_/_/
 :: Spring Boot ::        (v2.1.1.RELEASE)

2020-12-23 22:10:30.314  INFO 5188 --- [           main] c.a.steps.CucumberStepDefs               : Starting CucumberStepDefs on DESKTOP-NINL8BC with PID 5188 (started by Lucas in C:\Users\Lucas\Documents\workspace\rsi-java-automation)
2020-12-23 22:10:30.314  INFO 5188 --- [           main] c.a.steps.CucumberStepDefs               : No active profile set, falling back to default profiles: default
2020-12-23 22:10:32.973  INFO 5188 --- [           main] o.s.s.concurrent.ThreadPoolTaskExecutor  : Initializing ExecutorService 'applicationTaskExecutor'
2020-12-23 22:10:33.526  INFO 5188 --- [           main] c.a.steps.CucumberStepDefs               : Started CucumberStepDefs in 3.663 seconds (JVM running for 5.621)
]]></system-out>
  </testcase>
  <testcase name="Scenario: Cadastro de usuário com sucesso" classname="Scenario: Cadastro de usuário com sucesso" time="0.038">
    <error type="java.lang.NullPointerException">java.lang.NullPointerException
</error>
  </testcase>
  <testcase name="Scenario: Cadastro de usuário com sucesso" classname="Scenario: Cadastro de usuário com sucesso" time="0.038">
    <error type="java.lang.NullPointerException">java.lang.NullPointerException
</error>
  </testcase>
  <testcase name="When acesso a tela de novo cadastro" classname="Scenario: Cadastro de usuário com sucesso" time="0">
    <skipped/>
  </testcase>
  <testcase name="And preencho todos os campos corretamente" classname="Scenario: Cadastro de usuário com sucesso" time="0">
    <skipped/>
  </testcase>
  <testcase name="Then valido o sucesso no cadastro" classname="Scenario: Cadastro de usuário com sucesso" time="0">
    <skipped/>
  </testcase>
  <testcase name="Given estou na página inicial" classname="Scenario: Validar mensagens de obrigatoriedade" time="0">
    <error type="java.lang.NullPointerException">java.lang.NullPointerException
</error>
    <system-out><![CDATA[&amp#27;[31mFailure in after hook:&amp#27;[0m&amp#27;[31mCucumberStepDefs.tearDown(Scenario)&amp#27;[0m
&amp#27;[31mMessage: &amp#27;[0m&amp#27;[31mjava.lang.NullPointerException
	at com.advantageonlineshopping.steps.CucumberStepDefs.tearDown(CucumberStepDefs.java:117)
	at java.base/jdk.internal.reflect.NativeMethodAccessorImpl.invoke0(Native Method)
	at java.base/jdk.internal.reflect.NativeMethodAccessorImpl.invoke(NativeMethodAccessorImpl.java:62)
	at java.base/jdk.internal.reflect.DelegatingMethodAccessorImpl.invoke(DelegatingMethodAccessorImpl.java:43)
	at java.base/java.lang.reflect.Method.invoke(Method.java:564)
	at cucumber.runtime.Utils$1.call(Utils.java:40)
	at cucumber.runtime.Timeout.timeout(Timeout.java:16)
	at cucumber.runtime.Utils.invoke(Utils.java:34)
	at cucumber.runtime.java.JavaHookDefinition.execute(JavaHookDefinition.java:60)
	at cucumber.runtime.Runtime.runHookIfTagsMatch(Runtime.java:224)
	at cucumber.runtime.Runtime.runHooks(Runtime.java:212)
	at cucumber.runtime.Runtime.runAfterHooks(Runtime.java:206)
	at cucumber.runtime.model.CucumberScenario.run(CucumberScenario.java:46)
	at cucumber.runtime.junit.ExecutionUnitRunner.run(ExecutionUnitRunner.java:102)
	at cucumber.runtime.junit.FeatureRunner.runChild(FeatureRunner.java:63)
	at cucumber.runtime.junit.FeatureRunner.runChild(FeatureRunner.java:18)
	at org.junit.runners.ParentRunner$3.run(ParentRunner.java:290)
	at org.junit.runners.ParentRunner$1.schedule(ParentRunner.java:71)
	at org.junit.runners.ParentRunner.runChildren(ParentRunner.java:288)
	at org.junit.runners.ParentRunner.access$000(ParentRunner.java:58)
	at org.junit.runners.ParentRunner$2.evaluate(ParentRunner.java:268)
	at org.junit.runners.ParentRunner.run(ParentRunner.java:363)
	at cucumber.runtime.junit.FeatureRunner.run(FeatureRunner.java:70)
	at cucumber.api.junit.Cucumber.runChild(Cucumber.java:95)
	at cucumber.api.junit.Cucumber.runChild(Cucumber.java:38)
	at org.junit.runners.ParentRunner$3.run(ParentRunner.java:290)
	at org.junit.runners.ParentRunner$1.schedule(ParentRunner.java:71)
	at org.junit.runners.ParentRunner.runChildren(ParentRunner.java:288)
	at org.junit.runners.ParentRunner.access$000(ParentRunner.java:58)
	at org.junit.runners.ParentRunner$2.evaluate(ParentRunner.java:268)
	at org.junit.runners.ParentRunner.run(ParentRunner.java:363)
	at cucumber.api.junit.Cucumber.run(Cucumber.java:100)
	at org.apache.maven.surefire.junit4.JUnit4Provider.execute(JUnit4Provider.java:369)
	at org.apache.maven.surefire.junit4.JUnit4Provider.executeWithRerun(JUnit4Provider.java:275)
	at org.apache.maven.surefire.junit4.JUnit4Provider.executeTestSet(JUnit4Provider.java:239)
	at org.apache.maven.surefire.junit4.JUnit4Provider.invoke(JUnit4Provider.java:160)
	at org.apache.maven.surefire.booter.ForkedBooter.invokeProviderInSameClassLoader(ForkedBooter.java:373)
	at org.apache.maven.surefire.booter.ForkedBooter.runSuitesInProcess(ForkedBooter.java:334)
	at org.apache.maven.surefire.booter.ForkedBooter.execute(ForkedBooter.java:119)
	at org.apache.maven.surefire.booter.ForkedBooter.main(ForkedBooter.java:407)
&amp#27;[0m
      &amp#27;[31mjava.lang.NullPointerException
      	at com.advantageonlineshopping.steps.CucumberStepDefs.tearDown(CucumberStepDefs.java:117)
      	at java.base/jdk.internal.reflect.NativeMethodAccessorImpl.invoke0(Native Method)
      	at java.base/jdk.internal.reflect.NativeMethodAccessorImpl.invoke(NativeMethodAccessorImpl.java:62)
      	at java.base/jdk.internal.reflect.DelegatingMethodAccessorImpl.invoke(DelegatingMethodAccessorImpl.java:43)
      	at java.base/java.lang.reflect.Method.invoke(Method.java:564)
      	at cucumber.runtime.Utils$1.call(Utils.java:40)
      	at cucumber.runtime.Timeout.timeout(Timeout.java:16)
      	at cucumber.runtime.Utils.invoke(Utils.java:34)
      	at cucumber.runtime.java.JavaHookDefinition.execute(JavaHookDefinition.java:60)
      	at cucumber.runtime.Runtime.runHookIfTagsMatch(Runtime.java:224)
      	at cucumber.runtime.Runtime.runHooks(Runtime.java:212)
      	at cucumber.runtime.Runtime.runAfterHooks(Runtime.java:206)
      	at cucumber.runtime.model.CucumberScenario.run(CucumberScenario.java:46)
      	at cucumber.runtime.junit.ExecutionUnitRunner.run(ExecutionUnitRunner.java:102)
      	at cucumber.runtime.junit.FeatureRunner.runChild(FeatureRunner.java:63)
      	at cucumber.runtime.junit.FeatureRunner.runChild(FeatureRunner.java:18)
      	at org.junit.runners.ParentRunner$3.run(ParentRunner.java:290)
      	at org.junit.runners.ParentRunner$1.schedule(ParentRunner.java:71)
      	at org.junit.runners.ParentRunner.runChildren(ParentRunner.java:288)
      	at org.junit.runners.ParentRunner.access$000(ParentRunner.java:58)
      	at org.junit.runners.ParentRunner$2.evaluate(ParentRunner.java:268)
      	at org.junit.runners.ParentRunner.run(ParentRunner.java:363)
      	at cucumber.runtime.junit.FeatureRunner.run(FeatureRunner.java:70)
      	at cucumber.api.junit.Cucumber.runChild(Cucumber.java:95)
      	at cucumber.api.junit.Cucumber.runChild(Cucumber.java:38)
      	at org.junit.runners.ParentRunner$3.run(ParentRunner.java:290)
      	at org.junit.runners.ParentRunner$1.schedule(ParentRunner.java:71)
      	at org.junit.runners.ParentRunner.runChildren(ParentRunner.java:288)
      	at org.junit.runners.ParentRunner.access$000(ParentRunner.java:58)
      	at org.junit.runners.ParentRunner$2.evaluate(ParentRunner.java:268)
      	at org.junit.runners.ParentRunner.run(ParentRunner.java:363)
      	at cucumber.api.junit.Cucumber.run(Cucumber.java:100)
      	at org.apache.maven.surefire.junit4.JUnit4Provider.execute(JUnit4Provider.java:369)
      	at org.apache.maven.surefire.junit4.JUnit4Provider.executeWithRerun(JUnit4Provider.java:275)
      	at org.apache.maven.surefire.junit4.JUnit4Provider.executeTestSet(JUnit4Provider.java:239)
      	at org.apache.maven.surefire.junit4.JUnit4Provider.invoke(JUnit4Provider.java:160)
      	at org.apache.maven.surefire.booter.ForkedBooter.invokeProviderInSameClassLoader(ForkedBooter.java:373)
      	at org.apache.maven.surefire.booter.ForkedBooter.runSuitesInProcess(ForkedBooter.java:334)
      	at org.apache.maven.surefire.booter.ForkedBooter.execute(ForkedBooter.java:119)
      	at org.apache.maven.surefire.booter.ForkedBooter.main(ForkedBooter.java:407)
      &amp#27;[0m
2020-12-23 22:10:33.764  INFO 5188 --- [           main] o.s.t.c.support.AbstractContextLoader    : Could not detect default resource locations for test class [com.advantageonlineshopping.steps.CucumberStepDefs]: no resource found for suffixes {-context.xml, Context.groovy}.
2020-12-23 22:10:33.796  INFO 5188 --- [           main] .b.t.c.SpringBootTestContextBootstrapper : Loaded default TestExecutionListener class names from location [META-INF/spring.factories]: [org.springframework.boot.test.mock.mockito.MockitoTestExecutionListener, org.springframework.boot.test.mock.mockito.ResetMocksTestExecutionListener, org.springframework.boot.test.autoconfigure.restdocs.RestDocsTestExecutionListener, org.springframework.boot.test.autoconfigure.web.client.MockRestServiceServerResetTestExecutionListener, org.springframework.boot.test.autoconfigure.web.servlet.MockMvcPrintOnlyOnFailureTestExecutionListener, org.springframework.boot.test.autoconfigure.web.servlet.WebDriverTestExecutionListener, org.springframework.test.context.web.ServletTestExecutionListener, org.springframework.test.context.support.DirtiesContextBeforeModesTestExecutionListener, org.springframework.test.context.support.DependencyInjectionTestExecutionListener, org.springframework.test.context.support.DirtiesContextTestExecutionListener, org.springframework.test.context.transaction.TransactionalTestExecutionListener, org.springframework.test.context.jdbc.SqlScriptsTestExecutionListener]
2020-12-23 22:10:33.796  INFO 5188 --- [           main] .b.t.c.SpringBootTestContextBootstrapper : Using TestExecutionListeners: [org.springframework.test.context.web.ServletTestExecutionListener@251d7fdd, org.springframework.test.context.support.DirtiesContextBeforeModesTestExecutionListener@78e68401, org.springframework.boot.test.mock.mockito.MockitoTestExecutionListener@391515c7, org.springframework.boot.test.autoconfigure.SpringBootDependencyInjectionTestExecutionListener@5b0dbfb, org.springframework.test.context.support.DirtiesContextTestExecutionListener@4b9dbf07, org.springframework.boot.test.mock.mockito.ResetMocksTestExecutionListener@797fcf9, org.springframework.boot.test.autoconfigure.restdocs.RestDocsTestExecutionListener@16bd7ae1, org.springframework.boot.test.autoconfigure.web.client.MockRestServiceServerResetTestExecutionListener@15d114ce, org.springframework.boot.test.autoconfigure.web.servlet.MockMvcPrintOnlyOnFailureTestExecutionListener@3312f4f4, org.springframework.boot.test.autoconfigure.web.servlet.WebDriverTestExecutionListener@b5aa65b]

  Scenario: Cadastro de usuário com sucesso   &amp#27;[90m# search.feature:4&amp#27;[0m
    &amp#27;[31mGiven &amp#27;[0m&amp#27;[31mestou na página inicial&amp#27;[0m             &amp#27;[90m# CucumberStepDefs.acessarPaginaInicial()&amp#27;[0m
      &amp#27;[31mjava.lang.NullPointerException
      	at com.advantageonlineshopping.base.Page.acessarUrl(Page.java:164)
      	at com.advantageonlineshopping.pageobjects.PaginaInicial.iniciar(PaginaInicial.java:30)
      	at com.advantageonlineshopping.steps.CucumberStepDefs.acessarPaginaInicial(CucumberStepDefs.java:53)
      	at ?.Given estou na página inicial(search.feature:5)
      &amp#27;[0m
    &amp#27;[36mWhen &amp#27;[0m&amp#27;[36macesso a tela de novo cadastro&amp#27;[0m       &amp#27;[90m# CucumberStepDefs.acessarTelaNovoCadastro()&amp#27;[0m
    &amp#27;[36mAnd &amp#27;[0m&amp#27;[36mpreencho todos os campos corretamente&amp#27;[0m &amp#27;[90m# CucumberStepDefs.preencherCadastro()&amp#27;[0m
    &amp#27;[36mThen &amp#27;[0m&amp#27;[36mvalido o sucesso no cadastro&amp#27;[0m         &amp#27;[90m# CucumberStepDefs.validarCadastro()&amp#27;[0m
]]></system-out>
  </testcase>
  <testcase name="Scenario: Validar mensagens de obrigatoriedade" classname="Scenario: Validar mensagens de obrigatoriedade" time="0">
    <error type="java.lang.NullPointerException">java.lang.NullPointerException
</error>
  </testcase>
  <testcase name="Scenario: Validar mensagens de obrigatoriedade" classname="Scenario: Validar mensagens de obrigatoriedade" time="0.024">
    <error type="java.lang.NullPointerException">java.lang.NullPointerException
</error>
  </testcase>
  <testcase name="When acesso a tela de novo cadastro" classname="Scenario: Validar mensagens de obrigatoriedade" time="0">
    <skipped/>
  </testcase>
  <testcase name="And não preencho os campos obrigatórios" classname="Scenario: Validar mensagens de obrigatoriedade" time="0">
    <skipped/>
  </testcase>
  <testcase name="Then valido as mensagens de obrigatoriedade" classname="Scenario: Validar mensagens de obrigatoriedade" time="0">
    <skipped/>
  </testcase>
</testsuite>